<?xml version="1.0" encoding="UTF-8"?><testsuite errors="0" failures="0" name="loginTests.LoginTests" skipped="0" tests="5" time="20.07" timestamp="2021-05-25 08:23:18"><testcase classname="loginTests.LoginTests" name="Login user with valid credentials - StandardUser"/><testcase classname="loginTests.LoginTests" name="Login user with empty credentials - EmptyUser"/><testcase classname="loginTests.LoginTests" name="Login user with valid credentials - ProblemUser"/><testcase classname="loginTests.LoginTests" name="Login user with valid credentials - PerformanceUser"/><testcase classname="loginTests.LoginTests" name="Login user with valid credentials - LockedOutUser"/></testsuite>