<?xml version="1.0" encoding="UTF-8"?><testsuite errors="1" failures="0" name="loginTestsNegative.LoginNegativeTestsProblemUser" skipped="0" tests="1" time="6.51" timestamp="2021-05-20 04:53:01"><testcase classname="loginTestsNegative.LoginNegativeTestsProblemUser" name="Login user with Problem User credentials"><error message="Timed out after 2 seconds. Element not found&#10;For documentation on this error, please visit: https://www.seleniumhq.org/exceptions/no_such_element.html&#10;Build info: version: '3.141.59', revision: 'e82be7d358', time: '2018-11-14T08:17:03'&#10;System info: host: 'CJ003963LT', ip: '10.83.110.191', os.name: 'Windows 10', os.arch: 'amd64', os.version: '10.0', java.version: '11.0.10'&#10;Driver info: driver.version: unknown" type="org.openqa.selenium.NoSuchElementException">Timed out after 2 seconds. Element not found
For documentation on this error, please visit: https://www.seleniumhq.org/exceptions/no_such_element.html
Build info: version: '3.141.59', revision: 'e82be7d358', time: '2018-11-14T08:17:03'
System info: host: 'CJ003963LT', ip: '10.83.110.191', os.name: 'Windows 10', os.arch: 'amd64', os.version: '10.0', java.version: '11.0.10'
Driver info: driver.version: unknown</error><system-err>Timed out after 2 seconds. Element not found
For documentation on this error, please visit: https://www.seleniumhq.org/exceptions/no_such_element.html
Build info: version: '3.141.59', revision: 'e82be7d358', time: '2018-11-14T08:17:03'
System info: host: 'CJ003963LT', ip: '10.83.110.191', os.name: 'Windows 10', os.arch: 'amd64', os.version: '10.0', java.version: '11.0.10'
Driver info: driver.version: unknown&#13;
pageObjects.LoginPageObject.problemUserElement(LoginPageObject.java:35)&#13;
stepsNegative.LoginStepsNegativeProblemUser.verifyProblemUserCorrectWebpageElement(LoginStepsNegativeProblemUser.java:30)&#13;
loginTestsNegative.LoginNegativeTestsProblemUser.loginProblemUser(LoginNegativeTestsProblemUser.java:44)&#13;
</system-err></testcase></testsuite>